[ECMWF-INFO -sbatch] - -------------------------------------------------------------------------------------
[ECMWF-INFO -sbatch] -  This is the ECMWF jobfilter
[ECMWF-INFO -sbatch] -  +++ Please report issues using the Support portal +++
[ECMWF-INFO -sbatch] -  +++ https://support.ecmwf.int                     +++
[ECMWF-INFO -sbatch] -  /usr/local/bin/ecsbatch: size: 53801, mtime: Tue Nov 25 12:31:30 2025
[ECMWF-INFO -sbatch] - -------------------------------------------------------------------------------------
[ECMWF-INFO -sbatch] - Time at submit: Tue Apr 21 15:31:20 2026 (1776785480.3432593) on ac6-100.bullx:/etc/ecmwf/nfs/dh2_home_a/ecm5702/dev/docs, std(out|err): (/proc/3316487/fd/pipe:[3473460261]|/dev/pts/1175)
[ECMWF-INFO -sbatch] - --- SLURM VARIABLES ---
[ECMWF-INFO -sbatch] - SLURM_GPUS_PER_NODE=1
[ECMWF-INFO -sbatch] - SLURM_NNODES=1
[ECMWF-INFO -sbatch] - EC_CLUSTER=ac
[ECMWF-INFO -sbatch] - SLURM_EXPORT_ENV=ALL
[ECMWF-INFO -sbatch] - SBATCH_EXPORT=NONE
[ECMWF-INFO -sbatch] - -----------------------
[ECMWF-INFO -sbatch] - jobscript: /etc/ecmwf/nfs/dh2_home_a/ecm5702/dev/jobscripts/submit/20260421/predict25_manual_59e4_300k_continuefull_20260421.sbatch
[ECMWF-INFO -sbatch] - --- SCRIPT OPTIONS ---
[ECMWF-INFO -sbatch] - (override by arg) #SBATCH --job-name=manual_predict_x_bundle
[ECMWF-INFO -sbatch] - #SBATCH --qos=ng
[ECMWF-INFO -sbatch] - #SBATCH --nodes=1
[ECMWF-INFO -sbatch] - #SBATCH --ntasks-per-node=1
[ECMWF-INFO -sbatch] - #SBATCH --cpus-per-task=16
[ECMWF-INFO -sbatch] - #SBATCH --gpus-per-node=1
[ECMWF-INFO -sbatch] - #SBATCH --hint=nomultithread
[ECMWF-INFO -sbatch] - #SBATCH --time=12:00:00
[ECMWF-INFO -sbatch] - (override by arg) #SBATCH --output=/home/ecm5702/perm/eval/%x_%j.out
[ECMWF-INFO -sbatch] - -----------------------
[ECMWF-INFO -sbatch] - --- POST-PROCESSED OPTIONS ---
[ECMWF-INFO -sbatch] - ARG --positional=['/home/ecm5702/dev/jobscripts/submit/20260421/predict25_manual_59e4_300k_continuefull_20260421.sbatch']
[ECMWF-INFO -sbatch] - ARG --cpus_per_task=16
[ECMWF-INFO -sbatch] - ARG --job_name=p25_manual_59e4_300k
[ECMWF-INFO -sbatch] - ARG --ntasks_per_node=1
[ECMWF-INFO -sbatch] - ARG --nodes=1
[ECMWF-INFO -sbatch] - ARG --output=/home/ecm5702/perm/eval/manual_59e4_300k/logs/predict25_manual_59e4_300k_%j.out
[ECMWF-INFO -sbatch] - ARG --qos=ng
[ECMWF-INFO -sbatch] - ARG --time=12:00:00
[ECMWF-INFO -sbatch] - ARG --hint=nomultithread
[ECMWF-INFO -sbatch] - ARG --gpus_per_node=1
[ECMWF-INFO -sbatch] - ------------------------------
[ECMWF-INFO -sbatch] - jobtag: ecm5702-p25_manual_59e4_300k-1x16-/home/ecm5702/perm/eval/manual_59e4_300k/logs/predict25_manual_59e4_300k__JOBID_.out
[ECMWF-INFO -sbatch] - ['/usr/bin/sbatch', '--cpus-per-task=16', '--job-name=p25_manual_59e4_300k', '--ntasks-per-node=1', '--nodes=1', '--output=/home/ecm5702/perm/eval/manual_59e4_300k/logs/predict25_manual_59e4_300k_%j.out', '--qos=ng', '--time=12:00:00', '--hint=nomultithread', '--gpus-per-node=1', '--licenses=h2resw01', '--export=EC_user_time_limit=12:00:00', '/etc/ecmwf/nfs/dh2_home_a/ecm5702/dev/jobscripts/submit/20260421/predict25_manual_59e4_300k_continuefull_20260421.sbatch']
[ECMWF-INFO -sbatch] - sbatch executed on ac
[ECMWF-INFO -sbatch] - Job queued on ac using method local
[ECMWF-INFO -sbatch] - Submitted batch job 31660556
[ECMWF-INFO -ecprofile] /usr/bin/bash NON_INTERACTIVE on ac6-326 at 20260421_153147.116, PID: 2173927, JOBID: 31660556
[ECMWF-INFO -ecprofile] $SCRATCH=/ec/res4/scratch/ecm5702
[ECMWF-INFO -ecprofile] $PERM=/perm/ecm5702
[ECMWF-INFO -ecprofile] $HPCPERM=/ec/res4/hpcperm/ecm5702
[ECMWF-INFO -ecprofile] $TMPDIR=/dev/shm/_tmpdir_.ecm5702.31660556
[ECMWF-INFO -ecprofile] $SCRATCHDIR=/ec/res4/scratchdir/ecm5702/4/31660556
checkpoint_path=/home/ecm5702/scratch/aifs/checkpoint/59e40596023d4f72a1c5e2027805d7df/anemoi-by_epoch-epoch_260-step_300000.ckpt
lane=o96_o320
stack_flavor=new
source_hpc=jupiter
host_short=ac6-326
host_family=ac
recommended_venv=/home/ecm5702/dev/.ds-dyn/bin/activate
Output directory already exists and is not empty: /home/ecm5702/perm/eval/manual_59e4_300k/predictions. Use a fresh run folder or pass --allow-existing-out-dir explicitly.
[ECMWF-INFO -ecepilog] ----------------------------------------------------------------------------------------------------
[ECMWF-INFO -ecepilog] This is the ECMWF job Epilogue
[ECMWF-INFO -ecepilog] +++ Please report issues using the Support portal +++
[ECMWF-INFO -ecepilog] +++ https://support.ecmwf.int                     +++
[ECMWF-INFO -ecepilog] ----------------------------------------------------------------------------------------------------
[ECMWF-INFO -ecepilog] Run at 2026-04-21T15:31:59 on ac
[ECMWF-INFO -ecepilog] JobName                   : p25_manual_59e4_300k
[ECMWF-INFO -ecepilog] JobID                     : 31660556
[ECMWF-INFO -ecepilog] Submit                    : 2026-04-21T15:31:20
[ECMWF-INFO -ecepilog] Start                     : 2026-04-21T15:31:44
[ECMWF-INFO -ecepilog] End                       : 2026-04-21T15:31:59
[ECMWF-INFO -ecepilog] QueuedTime                : 24.0
[ECMWF-INFO -ecepilog] ElapsedRaw                : 15
[ECMWF-INFO -ecepilog] ExitCode                  : 1:0
[ECMWF-INFO -ecepilog] DerivedExitCode           : 0:0
[ECMWF-INFO -ecepilog] State                     : FAILED
[ECMWF-INFO -ecepilog] Account                   : ecrdmomu
[ECMWF-INFO -ecepilog] QOS                       : ng
[ECMWF-INFO -ecepilog] User                      : ecm5702
[ECMWF-INFO -ecepilog] StdOut                    : /home/ecm5702/perm/eval/manual_59e4_300k/logs/predict25_manual_59e4_300k_31660556.out
[ECMWF-INFO -ecepilog] StdErr                    : /home/ecm5702/perm/eval/manual_59e4_300k/logs/predict25_manual_59e4_300k_31660556.out
[ECMWF-INFO -ecepilog] NNodes                    : 1
[ECMWF-INFO -ecepilog] NCPUS                     : 32
[ECMWF-INFO -ecepilog] SBU                       : 1.138
[ECMWF-INFO -ecepilog] jobtag                    : ecm5702-p25_manual_59e4_300k-1x32-/home/ecm5702/perm/eval/manual_59e4_300k/logs/predict25_manual_59e4_300k__JOBID_.out
[ECMWF-INFO -ecepilog] ----------------------------------------------------------------------------------------------------

